This file contains any messages produced by compilers while
running configure, to aid debugging if configure makes a mistake.

It was created by ESPRESSO configure 5.3.0, which was
generated by GNU Autoconf 2.63.  Invocation command line was

  $ ./install/configure 

## --------- ##
## Platform. ##
## --------- ##

hostname = ubuntu1204
uname -m = x86_64
uname -r = 3.13.0-61-generic
uname -s = Linux
uname -v = #100-Ubuntu SMP Wed Jul 29 11:21:34 UTC 2015

/usr/bin/uname -p = unknown
/bin/uname -X     = unknown

/bin/arch              = unknown
/usr/bin/arch -k       = unknown
/usr/convex/getsysinfo = unknown
/usr/bin/hostinfo      = unknown
/bin/machine           = unknown
/usr/bin/oslevel       = unknown
/bin/universe          = unknown

PATH: /home/samio/bin
PATH: /usr/local/sbin
PATH: /usr/local/bin
PATH: /usr/sbin
PATH: /usr/bin
PATH: /sbin
PATH: /bin
PATH: /usr/games
PATH: /usr/local/games
PATH: /usr/local/Wolfram/Mathematica/9.0/Executables
PATH: /home/samio/bin
PATH: /home/samio/src/science/espresso-5.3.0-alchemy/bin
PATH: /home/samio/src/CASINO/bin_qmc
PATH: /home/samio/src/qmcpack/build/bin
PATH: /home/samio/src/CASINO/bin_qmc


## ----------- ##
## Core tests. ##
## ----------- ##

configure:1974: checking build system type
configure:1992: result: x86_64-pc-linux-gnu
configure:2018: checking ARCH
configure:2062: result: x86_64
configure:2081: checking setting AR... 
configure:2087: result: ar
configure:2091: checking setting ARFLAGS... 
configure:2106: result: ruv
configure:2271: checking for ifort
configure:2301: result: no
configure:2271: checking for pgf90
configure:2301: result: no
configure:2271: checking for pathf95
configure:2301: result: no
configure:2271: checking for sunf95
configure:2301: result: no
configure:2271: checking for openf95
configure:2301: result: no
configure:2271: checking for nagfor
configure:2301: result: no
configure:2271: checking for gfortran
configure:2287: found /usr/bin/gfortran
configure:2298: result: gfortran
configure:2314: WARNING: using cross tools not prefixed with host triplet
configure:2324: checking for Fortran compiler version
configure:2332: gfortran --version >&5
GNU Fortran (Ubuntu 4.8.4-2ubuntu1~14.04.1) 4.8.4
Copyright (C) 2013 Free Software Foundation, Inc.

GNU Fortran comes with NO WARRANTY, to the extent permitted by law.
You may redistribute copies of GNU Fortran
under the terms of the GNU General Public License.
For more information about these matters, see the file named COPYING

configure:2336: $? = 0
configure:2343: gfortran -v >&5
Using built-in specs.
COLLECT_GCC=gfortran
COLLECT_LTO_WRAPPER=/usr/lib/gcc/x86_64-linux-gnu/4.8/lto-wrapper
Target: x86_64-linux-gnu
Configured with: ../src/configure -v --with-pkgversion='Ubuntu 4.8.4-2ubuntu1~14.04.1' --with-bugurl=file:///usr/share/doc/gcc-4.8/README.Bugs --enable-languages=c,c++,java,go,d,fortran,objc,obj-c++ --prefix=/usr --program-suffix=-4.8 --enable-shared --enable-linker-build-id --libexecdir=/usr/lib --without-included-gettext --enable-threads=posix --with-gxx-include-dir=/usr/include/c++/4.8 --libdir=/usr/lib --enable-nls --with-sysroot=/ --enable-clocale=gnu --enable-libstdcxx-debug --enable-libstdcxx-time=yes --enable-gnu-unique-object --disable-libmudflap --enable-plugin --with-system-zlib --disable-browser-plugin --enable-java-awt=gtk --enable-gtk-cairo --with-java-home=/usr/lib/jvm/java-1.5.0-gcj-4.8-amd64/jre --enable-java-home --with-jvm-root-dir=/usr/lib/jvm/java-1.5.0-gcj-4.8-amd64 --with-jvm-jar-dir=/usr/lib/jvm-exports/java-1.5.0-gcj-4.8-amd64 --with-arch-directory=amd64 --with-ecj-jar=/usr/share/java/eclipse-ecj.jar --enable-objc-gc --enable-multiarch --disable-werror --with-arch-32=i686 --with-abi=m64 --with-multilib-list=m32,m64,mx32 --with-tune=generic --enable-checking=release --build=x86_64-linux-gnu --host=x86_64-linux-gnu --target=x86_64-linux-gnu
Thread model: posix
gcc version 4.8.4 (Ubuntu 4.8.4-2ubuntu1~14.04.1) 
configure:2347: $? = 0
configure:2354: gfortran -V >&5
gfortran: error: unrecognized command line option '-V'
gfortran: fatal error: no input files
compilation terminated.
configure:2358: $? = 4
configure:2372: checking for Fortran compiler default output file name
configure:2394: gfortran    conftest.f  >&5
configure:2398: $? = 0
configure:2436: result: a.out
configure:2455: checking whether the Fortran compiler works
configure:2488: result: yes
configure:2495: checking whether we are cross compiling
configure:2497: result: yes
configure:2500: checking for suffix of executables
configure:2507: gfortran -o conftest    conftest.f  >&5
configure:2511: $? = 0
configure:2537: result: 
configure:2543: checking for suffix of object files
configure:2559: gfortran -c   conftest.f >&5
configure:2563: $? = 0
configure:2588: result: o
configure:2596: checking whether we are using the GNU Fortran compiler
configure:2615: gfortran -c   conftest.F >&5
configure:2622: $? = 0
configure:2639: result: yes
configure:2645: checking whether gfortran accepts -g
configure:2662: gfortran -c -g  conftest.f >&5
configure:2669: $? = 0
configure:2685: result: yes
configure:2714: checking for Fortran flag to compile .f90 files
configure:2736: gfortran -c -g -O2  conftest.f90 >&5
configure:2743: $? = 0
configure:2762: result: none
configure:2849: checking for mpif90
configure:2865: found /usr/bin/mpif90
configure:2876: result: mpif90
configure:2902: checking for Fortran compiler version
configure:2910: mpif90 --version >&5
GNU Fortran (Ubuntu 4.8.4-2ubuntu1~14.04.1) 4.8.4
Copyright (C) 2013 Free Software Foundation, Inc.

GNU Fortran comes with NO WARRANTY, to the extent permitted by law.
You may redistribute copies of GNU Fortran
under the terms of the GNU General Public License.
For more information about these matters, see the file named COPYING

configure:2914: $? = 0
configure:2921: mpif90 -v >&5
Using built-in specs.
COLLECT_GCC=/usr/bin/gfortran
COLLECT_LTO_WRAPPER=/usr/lib/gcc/x86_64-linux-gnu/4.8/lto-wrapper
Target: x86_64-linux-gnu
Configured with: ../src/configure -v --with-pkgversion='Ubuntu 4.8.4-2ubuntu1~14.04.1' --with-bugurl=file:///usr/share/doc/gcc-4.8/README.Bugs --enable-languages=c,c++,java,go,d,fortran,objc,obj-c++ --prefix=/usr --program-suffix=-4.8 --enable-shared --enable-linker-build-id --libexecdir=/usr/lib --without-included-gettext --enable-threads=posix --with-gxx-include-dir=/usr/include/c++/4.8 --libdir=/usr/lib --enable-nls --with-sysroot=/ --enable-clocale=gnu --enable-libstdcxx-debug --enable-libstdcxx-time=yes --enable-gnu-unique-object --disable-libmudflap --enable-plugin --with-system-zlib --disable-browser-plugin --enable-java-awt=gtk --enable-gtk-cairo --with-java-home=/usr/lib/jvm/java-1.5.0-gcj-4.8-amd64/jre --enable-java-home --with-jvm-root-dir=/usr/lib/jvm/java-1.5.0-gcj-4.8-amd64 --with-jvm-jar-dir=/usr/lib/jvm-exports/java-1.5.0-gcj-4.8-amd64 --with-arch-directory=amd64 --with-ecj-jar=/usr/share/java/eclipse-ecj.jar --enable-objc-gc --enable-multiarch --disable-werror --with-arch-32=i686 --with-abi=m64 --with-multilib-list=m32,m64,mx32 --with-tune=generic --enable-checking=release --build=x86_64-linux-gnu --host=x86_64-linux-gnu --target=x86_64-linux-gnu
Thread model: posix
gcc version 4.8.4 (Ubuntu 4.8.4-2ubuntu1~14.04.1) 
configure:2925: $? = 0
configure:2932: mpif90 -V >&5
gfortran: error: unrecognized command line option '-V'
gfortran: fatal error: no input files
compilation terminated.
configure:2936: $? = 4
configure:2944: checking whether we are using the GNU Fortran compiler
configure:2963: mpif90 -c -g -O2  conftest.F >&5
configure:2970: $? = 0
configure:2987: result: yes
configure:2993: checking whether mpif90 accepts -g
configure:3010: mpif90 -c -g  conftest.f90 >&5
configure:3017: $? = 0
configure:3033: result: yes
configure:3598: checking for cc
configure:3614: found /usr/bin/cc
configure:3625: result: cc
configure:3659: checking for C compiler version
configure:3667: cc --version >&5
cc (Ubuntu 4.8.4-2ubuntu1~14.04.1) 4.8.4
Copyright (C) 2013 Free Software Foundation, Inc.
This is free software; see the source for copying conditions.  There is NO
warranty; not even for MERCHANTABILITY or FITNESS FOR A PARTICULAR PURPOSE.

configure:3671: $? = 0
configure:3678: cc -v >&5
Using built-in specs.
COLLECT_GCC=cc
COLLECT_LTO_WRAPPER=/usr/lib/gcc/x86_64-linux-gnu/4.8/lto-wrapper
Target: x86_64-linux-gnu
Configured with: ../src/configure -v --with-pkgversion='Ubuntu 4.8.4-2ubuntu1~14.04.1' --with-bugurl=file:///usr/share/doc/gcc-4.8/README.Bugs --enable-languages=c,c++,java,go,d,fortran,objc,obj-c++ --prefix=/usr --program-suffix=-4.8 --enable-shared --enable-linker-build-id --libexecdir=/usr/lib --without-included-gettext --enable-threads=posix --with-gxx-include-dir=/usr/include/c++/4.8 --libdir=/usr/lib --enable-nls --with-sysroot=/ --enable-clocale=gnu --enable-libstdcxx-debug --enable-libstdcxx-time=yes --enable-gnu-unique-object --disable-libmudflap --enable-plugin --with-system-zlib --disable-browser-plugin --enable-java-awt=gtk --enable-gtk-cairo --with-java-home=/usr/lib/jvm/java-1.5.0-gcj-4.8-amd64/jre --enable-java-home --with-jvm-root-dir=/usr/lib/jvm/java-1.5.0-gcj-4.8-amd64 --with-jvm-jar-dir=/usr/lib/jvm-exports/java-1.5.0-gcj-4.8-amd64 --with-arch-directory=amd64 --with-ecj-jar=/usr/share/java/eclipse-ecj.jar --enable-objc-gc --enable-multiarch --disable-werror --with-arch-32=i686 --with-abi=m64 --with-multilib-list=m32,m64,mx32 --with-tune=generic --enable-checking=release --build=x86_64-linux-gnu --host=x86_64-linux-gnu --target=x86_64-linux-gnu
Thread model: posix
gcc version 4.8.4 (Ubuntu 4.8.4-2ubuntu1~14.04.1) 
configure:3682: $? = 0
configure:3689: cc -V >&5
cc: error: unrecognized command line option '-V'
cc: fatal error: no input files
compilation terminated.
configure:3693: $? = 4
configure:3696: checking whether we are using the GNU C compiler
configure:3725: cc -c   conftest.c >&5
configure:3732: $? = 0
configure:3749: result: yes
configure:3758: checking whether cc accepts -g
configure:3788: cc -c -g  conftest.c >&5
configure:3795: $? = 0
configure:3896: result: yes
configure:3913: checking for cc option to accept ISO C89
configure:3987: cc  -c -g -O2  conftest.c >&5
configure:3994: $? = 0
configure:4017: result: none needed
configure:4106: checking how to run the C preprocessor
configure:4146: cc -E  conftest.c
configure:4153: $? = 0
configure:4184: cc -E  conftest.c
conftest.c:8:28: fatal error: ac_nonexistent.h: No such file or directory
 #include <ac_nonexistent.h>
                            ^
compilation terminated.
configure:4191: $? = 1
configure: failed program was:
| /* confdefs.h.  */
| #define PACKAGE_NAME "ESPRESSO"
| #define PACKAGE_TARNAME "espresso"
| #define PACKAGE_VERSION "5.3.0"
| #define PACKAGE_STRING "ESPRESSO 5.3.0"
| #define PACKAGE_BUGREPORT ""
| /* end confdefs.h.  */
| #include <ac_nonexistent.h>
configure:4224: result: cc -E
configure:4253: cc -E  conftest.c
configure:4260: $? = 0
configure:4291: cc -E  conftest.c
conftest.c:8:28: fatal error: ac_nonexistent.h: No such file or directory
 #include <ac_nonexistent.h>
                            ^
compilation terminated.
configure:4298: $? = 1
configure: failed program was:
| /* confdefs.h.  */
| #define PACKAGE_NAME "ESPRESSO"
| #define PACKAGE_TARNAME "espresso"
| #define PACKAGE_VERSION "5.3.0"
| #define PACKAGE_STRING "ESPRESSO 5.3.0"
| #define PACKAGE_BUGREPORT ""
| /* end confdefs.h.  */
| #include <ac_nonexistent.h>
configure:4338: checking for grep that handles long lines and -e
configure:4398: result: /bin/grep
configure:4403: checking for egrep
configure:4467: result: /bin/grep -E
configure:4472: checking for ANSI C header files
configure:4502: cc -c -g -O2  conftest.c >&5
configure:4509: $? = 0
configure:4640: result: yes
configure:4664: checking for sys/types.h
configure:4685: cc -c -g -O2  conftest.c >&5
configure:4692: $? = 0
configure:4709: result: yes
configure:4664: checking for sys/stat.h
configure:4685: cc -c -g -O2  conftest.c >&5
configure:4692: $? = 0
configure:4709: result: yes
configure:4664: checking for stdlib.h
configure:4685: cc -c -g -O2  conftest.c >&5
configure:4692: $? = 0
configure:4709: result: yes
configure:4664: checking for string.h
configure:4685: cc -c -g -O2  conftest.c >&5
configure:4692: $? = 0
configure:4709: result: yes
configure:4664: checking for memory.h
configure:4685: cc -c -g -O2  conftest.c >&5
configure:4692: $? = 0
configure:4709: result: yes
configure:4664: checking for strings.h
configure:4685: cc -c -g -O2  conftest.c >&5
configure:4692: $? = 0
configure:4709: result: yes
configure:4664: checking for inttypes.h
configure:4685: cc -c -g -O2  conftest.c >&5
configure:4692: $? = 0
configure:4709: result: yes
configure:4664: checking for stdint.h
configure:4685: cc -c -g -O2  conftest.c >&5
configure:4692: $? = 0
configure:4709: result: yes
configure:4664: checking for unistd.h
configure:4685: cc -c -g -O2  conftest.c >&5
configure:4692: $? = 0
configure:4709: result: yes
configure:4732: checking size of int *
configure:4762: cc -c -g -O2  conftest.c >&5
configure:4769: $? = 0
configure:4799: cc -c -g -O2  conftest.c >&5
conftest.c: In function 'main':
conftest.c:54:12: error: size of array 'test_array' is negative
 static int test_array [1 - 2 * !(((long int) (sizeof (int *))) <= 0)];
            ^
configure:4806: $? = 1
configure: failed program was:
| /* confdefs.h.  */
| #define PACKAGE_NAME "ESPRESSO"
| #define PACKAGE_TARNAME "espresso"
| #define PACKAGE_VERSION "5.3.0"
| #define PACKAGE_STRING "ESPRESSO 5.3.0"
| #define PACKAGE_BUGREPORT ""
| #define STDC_HEADERS 1
| #define HAVE_SYS_TYPES_H 1
| #define HAVE_SYS_STAT_H 1
| #define HAVE_STDLIB_H 1
| #define HAVE_STRING_H 1
| #define HAVE_MEMORY_H 1
| #define HAVE_STRINGS_H 1
| #define HAVE_INTTYPES_H 1
| #define HAVE_STDINT_H 1
| #define HAVE_UNISTD_H 1
| /* end confdefs.h.  */
| #include <stdio.h>
| #ifdef HAVE_SYS_TYPES_H
| # include <sys/types.h>
| #endif
| #ifdef HAVE_SYS_STAT_H
| # include <sys/stat.h>
| #endif
| #ifdef STDC_HEADERS
| # include <stdlib.h>
| # include <stddef.h>
| #else
| # ifdef HAVE_STDLIB_H
| #  include <stdlib.h>
| # endif
| #endif
| #ifdef HAVE_STRING_H
| # if !defined STDC_HEADERS && defined HAVE_MEMORY_H
| #  include <memory.h>
| # endif
| # include <string.h>
| #endif
| #ifdef HAVE_STRINGS_H
| # include <strings.h>
| #endif
| #ifdef HAVE_INTTYPES_H
| # include <inttypes.h>
| #endif
| #ifdef HAVE_STDINT_H
| # include <stdint.h>
| #endif
| #ifdef HAVE_UNISTD_H
| # include <unistd.h>
| #endif
| int
| main ()
| {
| static int test_array [1 - 2 * !(((long int) (sizeof (int *))) <= 0)];
| test_array [0] = 0
| 
|   ;
|   return 0;
| }
configure:4799: cc -c -g -O2  conftest.c >&5
conftest.c: In function 'main':
conftest.c:54:12: error: size of array 'test_array' is negative
 static int test_array [1 - 2 * !(((long int) (sizeof (int *))) <= 1)];
            ^
configure:4806: $? = 1
configure: failed program was:
| /* confdefs.h.  */
| #define PACKAGE_NAME "ESPRESSO"
| #define PACKAGE_TARNAME "espresso"
| #define PACKAGE_VERSION "5.3.0"
| #define PACKAGE_STRING "ESPRESSO 5.3.0"
| #define PACKAGE_BUGREPORT ""
| #define STDC_HEADERS 1
| #define HAVE_SYS_TYPES_H 1
| #define HAVE_SYS_STAT_H 1
| #define HAVE_STDLIB_H 1
| #define HAVE_STRING_H 1
| #define HAVE_MEMORY_H 1
| #define HAVE_STRINGS_H 1
| #define HAVE_INTTYPES_H 1
| #define HAVE_STDINT_H 1
| #define HAVE_UNISTD_H 1
| /* end confdefs.h.  */
| #include <stdio.h>
| #ifdef HAVE_SYS_TYPES_H
| # include <sys/types.h>
| #endif
| #ifdef HAVE_SYS_STAT_H
| # include <sys/stat.h>
| #endif
| #ifdef STDC_HEADERS
| # include <stdlib.h>
| # include <stddef.h>
| #else
| # ifdef HAVE_STDLIB_H
| #  include <stdlib.h>
| # endif
| #endif
| #ifdef HAVE_STRING_H
| # if !defined STDC_HEADERS && defined HAVE_MEMORY_H
| #  include <memory.h>
| # endif
| # include <string.h>
| #endif
| #ifdef HAVE_STRINGS_H
| # include <strings.h>
| #endif
| #ifdef HAVE_INTTYPES_H
| # include <inttypes.h>
| #endif
| #ifdef HAVE_STDINT_H
| # include <stdint.h>
| #endif
| #ifdef HAVE_UNISTD_H
| # include <unistd.h>
| #endif
| int
| main ()
| {
| static int test_array [1 - 2 * !(((long int) (sizeof (int *))) <= 1)];
| test_array [0] = 0
| 
|   ;
|   return 0;
| }
configure:4799: cc -c -g -O2  conftest.c >&5
conftest.c: In function 'main':
conftest.c:54:12: error: size of array 'test_array' is negative
 static int test_array [1 - 2 * !(((long int) (sizeof (int *))) <= 3)];
            ^
configure:4806: $? = 1
configure: failed program was:
| /* confdefs.h.  */
| #define PACKAGE_NAME "ESPRESSO"
| #define PACKAGE_TARNAME "espresso"
| #define PACKAGE_VERSION "5.3.0"
| #define PACKAGE_STRING "ESPRESSO 5.3.0"
| #define PACKAGE_BUGREPORT ""
| #define STDC_HEADERS 1
| #define HAVE_SYS_TYPES_H 1
| #define HAVE_SYS_STAT_H 1
| #define HAVE_STDLIB_H 1
| #define HAVE_STRING_H 1
| #define HAVE_MEMORY_H 1
| #define HAVE_STRINGS_H 1
| #define HAVE_INTTYPES_H 1
| #define HAVE_STDINT_H 1
| #define HAVE_UNISTD_H 1
| /* end confdefs.h.  */
| #include <stdio.h>
| #ifdef HAVE_SYS_TYPES_H
| # include <sys/types.h>
| #endif
| #ifdef HAVE_SYS_STAT_H
| # include <sys/stat.h>
| #endif
| #ifdef STDC_HEADERS
| # include <stdlib.h>
| # include <stddef.h>
| #else
| # ifdef HAVE_STDLIB_H
| #  include <stdlib.h>
| # endif
| #endif
| #ifdef HAVE_STRING_H
| # if !defined STDC_HEADERS && defined HAVE_MEMORY_H
| #  include <memory.h>
| # endif
| # include <string.h>
| #endif
| #ifdef HAVE_STRINGS_H
| # include <strings.h>
| #endif
| #ifdef HAVE_INTTYPES_H
| # include <inttypes.h>
| #endif
| #ifdef HAVE_STDINT_H
| # include <stdint.h>
| #endif
| #ifdef HAVE_UNISTD_H
| # include <unistd.h>
| #endif
| int
| main ()
| {
| static int test_array [1 - 2 * !(((long int) (sizeof (int *))) <= 3)];
| test_array [0] = 0
| 
|   ;
|   return 0;
| }
configure:4799: cc -c -g -O2  conftest.c >&5
conftest.c: In function 'main':
conftest.c:54:12: error: size of array 'test_array' is negative
 static int test_array [1 - 2 * !(((long int) (sizeof (int *))) <= 7)];
            ^
configure:4806: $? = 1
configure: failed program was:
| /* confdefs.h.  */
| #define PACKAGE_NAME "ESPRESSO"
| #define PACKAGE_TARNAME "espresso"
| #define PACKAGE_VERSION "5.3.0"
| #define PACKAGE_STRING "ESPRESSO 5.3.0"
| #define PACKAGE_BUGREPORT ""
| #define STDC_HEADERS 1
| #define HAVE_SYS_TYPES_H 1
| #define HAVE_SYS_STAT_H 1
| #define HAVE_STDLIB_H 1
| #define HAVE_STRING_H 1
| #define HAVE_MEMORY_H 1
| #define HAVE_STRINGS_H 1
| #define HAVE_INTTYPES_H 1
| #define HAVE_STDINT_H 1
| #define HAVE_UNISTD_H 1
| /* end confdefs.h.  */
| #include <stdio.h>
| #ifdef HAVE_SYS_TYPES_H
| # include <sys/types.h>
| #endif
| #ifdef HAVE_SYS_STAT_H
| # include <sys/stat.h>
| #endif
| #ifdef STDC_HEADERS
| # include <stdlib.h>
| # include <stddef.h>
| #else
| # ifdef HAVE_STDLIB_H
| #  include <stdlib.h>
| # endif
| #endif
| #ifdef HAVE_STRING_H
| # if !defined STDC_HEADERS && defined HAVE_MEMORY_H
| #  include <memory.h>
| # endif
| # include <string.h>
| #endif
| #ifdef HAVE_STRINGS_H
| # include <strings.h>
| #endif
| #ifdef HAVE_INTTYPES_H
| # include <inttypes.h>
| #endif
| #ifdef HAVE_STDINT_H
| # include <stdint.h>
| #endif
| #ifdef HAVE_UNISTD_H
| # include <unistd.h>
| #endif
| int
| main ()
| {
| static int test_array [1 - 2 * !(((long int) (sizeof (int *))) <= 7)];
| test_array [0] = 0
| 
|   ;
|   return 0;
| }
configure:4799: cc -c -g -O2  conftest.c >&5
configure:4806: $? = 0
configure:4954: cc -c -g -O2  conftest.c >&5
configure:4961: $? = 0
configure:4954: cc -c -g -O2  conftest.c >&5
configure:4961: $? = 0
configure:4954: cc -c -g -O2  conftest.c >&5
configure:4961: $? = 0
configure:5077: result: 8
configure:5101: checking malloc.h usability
configure:5118: cc -c -g -O2  conftest.c >&5
configure:5125: $? = 0
configure:5139: result: yes
configure:5143: checking malloc.h presence
configure:5158: cc -E  conftest.c
configure:5165: $? = 0
configure:5179: result: yes
configure:5207: checking for malloc.h
configure:5214: result: yes
configure:5227: checking for struct mallinfo.arena
configure:5256: cc -c -g -O2  conftest.c >&5
configure:5263: $? = 0
configure:5322: result: yes
configure:5421: checking for gfortran
configure:5437: found /usr/bin/gfortran
configure:5448: result: gfortran
configure:5474: checking for Fortran 77 compiler version
configure:5482: gfortran --version >&5
GNU Fortran (Ubuntu 4.8.4-2ubuntu1~14.04.1) 4.8.4
Copyright (C) 2013 Free Software Foundation, Inc.

GNU Fortran comes with NO WARRANTY, to the extent permitted by law.
You may redistribute copies of GNU Fortran
under the terms of the GNU General Public License.
For more information about these matters, see the file named COPYING

configure:5486: $? = 0
configure:5493: gfortran -v >&5
Using built-in specs.
COLLECT_GCC=gfortran
COLLECT_LTO_WRAPPER=/usr/lib/gcc/x86_64-linux-gnu/4.8/lto-wrapper
Target: x86_64-linux-gnu
Configured with: ../src/configure -v --with-pkgversion='Ubuntu 4.8.4-2ubuntu1~14.04.1' --with-bugurl=file:///usr/share/doc/gcc-4.8/README.Bugs --enable-languages=c,c++,java,go,d,fortran,objc,obj-c++ --prefix=/usr --program-suffix=-4.8 --enable-shared --enable-linker-build-id --libexecdir=/usr/lib --without-included-gettext --enable-threads=posix --with-gxx-include-dir=/usr/include/c++/4.8 --libdir=/usr/lib --enable-nls --with-sysroot=/ --enable-clocale=gnu --enable-libstdcxx-debug --enable-libstdcxx-time=yes --enable-gnu-unique-object --disable-libmudflap --enable-plugin --with-system-zlib --disable-browser-plugin --enable-java-awt=gtk --enable-gtk-cairo --with-java-home=/usr/lib/jvm/java-1.5.0-gcj-4.8-amd64/jre --enable-java-home --with-jvm-root-dir=/usr/lib/jvm/java-1.5.0-gcj-4.8-amd64 --with-jvm-jar-dir=/usr/lib/jvm-exports/java-1.5.0-gcj-4.8-amd64 --with-arch-directory=amd64 --with-ecj-jar=/usr/share/java/eclipse-ecj.jar --enable-objc-gc --enable-multiarch --disable-werror --with-arch-32=i686 --with-abi=m64 --with-multilib-list=m32,m64,mx32 --with-tune=generic --enable-checking=release --build=x86_64-linux-gnu --host=x86_64-linux-gnu --target=x86_64-linux-gnu
Thread model: posix
gcc version 4.8.4 (Ubuntu 4.8.4-2ubuntu1~14.04.1) 
configure:5497: $? = 0
configure:5504: gfortran -V >&5
gfortran: error: unrecognized command line option '-V'
gfortran: fatal error: no input files
compilation terminated.
configure:5508: $? = 4
configure:5516: checking whether we are using the GNU Fortran 77 compiler
configure:5535: gfortran -c  conftest.F >&5
configure:5542: $? = 0
configure:5559: result: yes
configure:5565: checking whether gfortran accepts -g
configure:5582: gfortran -c -g conftest.f >&5
configure:5589: $? = 0
configure:5605: result: yes
configure:6030: checking whether make sets $(MAKE)
configure:6052: result: yes
configure:6082: checking how to get verbose linking output from gfortran
configure:6098: gfortran -c -g -O2 conftest.f >&5
configure:6105: $? = 0
configure:6127: gfortran -o conftest -g -O2 -v conftest.f
Using built-in specs.
Target: x86_64-linux-gnu
Configured with: ../src/configure -v --with-pkgversion='Ubuntu 4.8.4-2ubuntu1~14.04.1' --with-bugurl=file:///usr/share/doc/gcc-4.8/README.Bugs --enable-languages=c,c++,java,go,d,fortran,objc,obj-c++ --prefix=/usr --program-suffix=-4.8 --enable-shared --enable-linker-build-id --libexecdir=/usr/lib --without-included-gettext --enable-threads=posix --with-gxx-include-dir=/usr/include/c++/4.8 --libdir=/usr/lib --enable-nls --with-sysroot=/ --enable-clocale=gnu --enable-libstdcxx-debug --enable-libstdcxx-time=yes --enable-gnu-unique-object --disable-libmudflap --enable-plugin --with-system-zlib --disable-browser-plugin --enable-java-awt=gtk --enable-gtk-cairo --with-java-home=/usr/lib/jvm/java-1.5.0-gcj-4.8-amd64/jre --enable-java-home --with-jvm-root-dir=/usr/lib/jvm/java-1.5.0-gcj-4.8-amd64 --with-jvm-jar-dir=/usr/lib/jvm-exports/java-1.5.0-gcj-4.8-amd64 --with-arch-directory=amd64 --with-ecj-jar=/usr/share/java/eclipse-ecj.jar --enable-objc-gc --enable-multiarch --disable-werror --with-arch-32=i686 --with-abi=m64 --with-multilib-list=m32,m64,mx32 --with-tune=generic --enable-checking=release --build=x86_64-linux-gnu --host=x86_64-linux-gnu --target=x86_64-linux-gnu
Thread model: posix
gcc version 4.8.4 (Ubuntu 4.8.4-2ubuntu1~14.04.1) 
 /usr/lib/gcc/x86_64-linux-gnu/4.8/f951 conftest.f -ffixed-form -quiet -dumpbase conftest.f -mtune=generic -march=x86-64 -auxbase conftest -g -O2 -version -fintrinsic-modules-path /usr/lib/gcc/x86_64-linux-gnu/4.8/finclude -o /tmp/ccYaWwuC.s
GNU Fortran (Ubuntu 4.8.4-2ubuntu1~14.04.1) version 4.8.4 (x86_64-linux-gnu)
	compiled by GNU C version 4.8.4, GMP version 5.1.3, MPFR version 3.1.2-p3, MPC version 1.0.1
GGC heuristics: --param ggc-min-expand=100 --param ggc-min-heapsize=131072
GNU Fortran (Ubuntu 4.8.4-2ubuntu1~14.04.1) version 4.8.4 (x86_64-linux-gnu)
	compiled by GNU C version 4.8.4, GMP version 5.1.3, MPFR version 3.1.2-p3, MPC version 1.0.1
GGC heuristics: --param ggc-min-expand=100 --param ggc-min-heapsize=131072
 as -v --64 -o /tmp/ccT3UiB5.o /tmp/ccYaWwuC.s
GNU assembler version 2.24 (x86_64-linux-gnu) using BFD version (GNU Binutils for Ubuntu) 2.24
Reading specs from /usr/lib/gcc/x86_64-linux-gnu/4.8/libgfortran.spec
rename spec lib to liborig
 /usr/lib/gcc/x86_64-linux-gnu/4.8/collect2 --sysroot=/ --build-id --eh-frame-hdr -m elf_x86_64 --hash-style=gnu --as-needed -dynamic-linker /lib64/ld-linux-x86-64.so.2 -z relro -o conftest /usr/lib/gcc/x86_64-linux-gnu/4.8/../../../x86_64-linux-gnu/crt1.o /usr/lib/gcc/x86_64-linux-gnu/4.8/../../../x86_64-linux-gnu/crti.o /usr/lib/gcc/x86_64-linux-gnu/4.8/crtbegin.o -L/usr/lib/gcc/x86_64-linux-gnu/4.8 -L/usr/lib/gcc/x86_64-linux-gnu/4.8/../../../x86_64-linux-gnu -L/usr/lib/gcc/x86_64-linux-gnu/4.8/../../../../lib -L/lib/x86_64-linux-gnu -L/lib/../lib -L/usr/lib/x86_64-linux-gnu -L/usr/lib/../lib -L/usr/lib/gcc/x86_64-linux-gnu/4.8/../../.. /tmp/ccT3UiB5.o -lgfortran -lm -lgcc_s -lgcc -lquadmath -lm -lgcc_s -lgcc -lc -lgcc_s -lgcc /usr/lib/gcc/x86_64-linux-gnu/4.8/crtend.o /usr/lib/gcc/x86_64-linux-gnu/4.8/../../../x86_64-linux-gnu/crtn.o
configure:6196: result: -v
configure:6198: checking for Fortran 77 libraries of gfortran
configure:6221: gfortran -o conftest -g -O2 -v conftest.f
Using built-in specs.
Target: x86_64-linux-gnu
Configured with: ../src/configure -v --with-pkgversion='Ubuntu 4.8.4-2ubuntu1~14.04.1' --with-bugurl=file:///usr/share/doc/gcc-4.8/README.Bugs --enable-languages=c,c++,java,go,d,fortran,objc,obj-c++ --prefix=/usr --program-suffix=-4.8 --enable-shared --enable-linker-build-id --libexecdir=/usr/lib --without-included-gettext --enable-threads=posix --with-gxx-include-dir=/usr/include/c++/4.8 --libdir=/usr/lib --enable-nls --with-sysroot=/ --enable-clocale=gnu --enable-libstdcxx-debug --enable-libstdcxx-time=yes --enable-gnu-unique-object --disable-libmudflap --enable-plugin --with-system-zlib --disable-browser-plugin --enable-java-awt=gtk --enable-gtk-cairo --with-java-home=/usr/lib/jvm/java-1.5.0-gcj-4.8-amd64/jre --enable-java-home --with-jvm-root-dir=/usr/lib/jvm/java-1.5.0-gcj-4.8-amd64 --with-jvm-jar-dir=/usr/lib/jvm-exports/java-1.5.0-gcj-4.8-amd64 --with-arch-directory=amd64 --with-ecj-jar=/usr/share/java/eclipse-ecj.jar --enable-objc-gc --enable-multiarch --disable-werror --with-arch-32=i686 --with-abi=m64 --with-multilib-list=m32,m64,mx32 --with-tune=generic --enable-checking=release --build=x86_64-linux-gnu --host=x86_64-linux-gnu --target=x86_64-linux-gnu
Thread model: posix
gcc version 4.8.4 (Ubuntu 4.8.4-2ubuntu1~14.04.1) 
 /usr/lib/gcc/x86_64-linux-gnu/4.8/f951 conftest.f -ffixed-form -quiet -dumpbase conftest.f -mtune=generic -march=x86-64 -auxbase conftest -g -O2 -version -fintrinsic-modules-path /usr/lib/gcc/x86_64-linux-gnu/4.8/finclude -o /tmp/cc9uosjH.s
GNU Fortran (Ubuntu 4.8.4-2ubuntu1~14.04.1) version 4.8.4 (x86_64-linux-gnu)
	compiled by GNU C version 4.8.4, GMP version 5.1.3, MPFR version 3.1.2-p3, MPC version 1.0.1
GGC heuristics: --param ggc-min-expand=100 --param ggc-min-heapsize=131072
GNU Fortran (Ubuntu 4.8.4-2ubuntu1~14.04.1) version 4.8.4 (x86_64-linux-gnu)
	compiled by GNU C version 4.8.4, GMP version 5.1.3, MPFR version 3.1.2-p3, MPC version 1.0.1
GGC heuristics: --param ggc-min-expand=100 --param ggc-min-heapsize=131072
 as -v --64 -o /tmp/ccfzGACa.o /tmp/cc9uosjH.s
GNU assembler version 2.24 (x86_64-linux-gnu) using BFD version (GNU Binutils for Ubuntu) 2.24
Reading specs from /usr/lib/gcc/x86_64-linux-gnu/4.8/libgfortran.spec
rename spec lib to liborig
 /usr/lib/gcc/x86_64-linux-gnu/4.8/collect2 --sysroot=/ --build-id --eh-frame-hdr -m elf_x86_64 --hash-style=gnu --as-needed -dynamic-linker /lib64/ld-linux-x86-64.so.2 -z relro -o conftest /usr/lib/gcc/x86_64-linux-gnu/4.8/../../../x86_64-linux-gnu/crt1.o /usr/lib/gcc/x86_64-linux-gnu/4.8/../../../x86_64-linux-gnu/crti.o /usr/lib/gcc/x86_64-linux-gnu/4.8/crtbegin.o -L/usr/lib/gcc/x86_64-linux-gnu/4.8 -L/usr/lib/gcc/x86_64-linux-gnu/4.8/../../../x86_64-linux-gnu -L/usr/lib/gcc/x86_64-linux-gnu/4.8/../../../../lib -L/lib/x86_64-linux-gnu -L/lib/../lib -L/usr/lib/x86_64-linux-gnu -L/usr/lib/../lib -L/usr/lib/gcc/x86_64-linux-gnu/4.8/../../.. /tmp/ccfzGACa.o -lgfortran -lm -lgcc_s -lgcc -lquadmath -lm -lgcc_s -lgcc -lc -lgcc_s -lgcc /usr/lib/gcc/x86_64-linux-gnu/4.8/crtend.o /usr/lib/gcc/x86_64-linux-gnu/4.8/../../../x86_64-linux-gnu/crtn.o
configure:6398: result:  -L/usr/lib/gcc/x86_64-linux-gnu/4.8 -L/usr/lib/gcc/x86_64-linux-gnu/4.8/../../../x86_64-linux-gnu -L/usr/lib/gcc/x86_64-linux-gnu/4.8/../../../../lib -L/lib/x86_64-linux-gnu -L/lib/../lib -L/usr/lib/x86_64-linux-gnu -L/usr/lib/../lib -L/usr/lib/gcc/x86_64-linux-gnu/4.8/../../.. -lgfortran -lm -lquadmath
configure:6414: checking for dummy main to link with Fortran 77 libraries
configure:6458: cc -o conftest -g -O2   conftest.c   -L/usr/lib/gcc/x86_64-linux-gnu/4.8 -L/usr/lib/gcc/x86_64-linux-gnu/4.8/../../../x86_64-linux-gnu -L/usr/lib/gcc/x86_64-linux-gnu/4.8/../../../../lib -L/lib/x86_64-linux-gnu -L/lib/../lib -L/usr/lib/x86_64-linux-gnu -L/usr/lib/../lib -L/usr/lib/gcc/x86_64-linux-gnu/4.8/../../.. -lgfortran -lm -lquadmath >&5
configure:6465: $? = 0
configure:6553: result: none
configure:6592: checking for Fortran 77 name-mangling scheme
configure:6611: gfortran -c -g -O2 conftest.f >&5
configure:6618: $? = 0
configure:6673: cc -o conftest -g -O2   conftest.c cfortran_test.o   -L/usr/lib/gcc/x86_64-linux-gnu/4.8 -L/usr/lib/gcc/x86_64-linux-gnu/4.8/../../../x86_64-linux-gnu -L/usr/lib/gcc/x86_64-linux-gnu/4.8/../../../../lib -L/lib/x86_64-linux-gnu -L/lib/../lib -L/usr/lib/x86_64-linux-gnu -L/usr/lib/../lib -L/usr/lib/gcc/x86_64-linux-gnu/4.8/../../.. -lgfortran -lm -lquadmath >&5
/tmp/cc1pbIOf.o: In function `main':
/home/samio/src/science/espresso-5.3.0-alchemy/conftest.c:39: undefined reference to `foobar'
collect2: error: ld returned 1 exit status
configure:6680: $? = 1
configure: failed program was:
| /* confdefs.h.  */
| #define PACKAGE_NAME "ESPRESSO"
| #define PACKAGE_TARNAME "espresso"
| #define PACKAGE_VERSION "5.3.0"
| #define PACKAGE_STRING "ESPRESSO 5.3.0"
| #define PACKAGE_BUGREPORT ""
| #define STDC_HEADERS 1
| #define HAVE_SYS_TYPES_H 1
| #define HAVE_SYS_STAT_H 1
| #define HAVE_STDLIB_H 1
| #define HAVE_STRING_H 1
| #define HAVE_MEMORY_H 1
| #define HAVE_STRINGS_H 1
| #define HAVE_INTTYPES_H 1
| #define HAVE_STDINT_H 1
| #define HAVE_UNISTD_H 1
| #define SIZEOF_INT_P 8
| #define HAVE_MALLINFO 1
| /* end confdefs.h.  */
| 
| /* Override any GCC internal prototype to avoid an error.
|    Use char because int might match the return type of a GCC
|    builtin and then its argument prototype would still apply.  */
| #ifdef __cplusplus
| extern "C"
| #endif
| char foobar ();
| #ifdef F77_DUMMY_MAIN
| 
| #  ifdef __cplusplus
|      extern "C"
| #  endif
|    int F77_DUMMY_MAIN() { return 1; }
| 
| #endif
| int
| main ()
| {
| return foobar ();
|   ;
|   return 0;
| }
configure:6673: cc -o conftest -g -O2   conftest.c cfortran_test.o   -L/usr/lib/gcc/x86_64-linux-gnu/4.8 -L/usr/lib/gcc/x86_64-linux-gnu/4.8/../../../x86_64-linux-gnu -L/usr/lib/gcc/x86_64-linux-gnu/4.8/../../../../lib -L/lib/x86_64-linux-gnu -L/lib/../lib -L/usr/lib/x86_64-linux-gnu -L/usr/lib/../lib -L/usr/lib/gcc/x86_64-linux-gnu/4.8/../../.. -lgfortran -lm -lquadmath >&5
configure:6680: $? = 0
configure:6762: cc -o conftest -g -O2   conftest.c cfortran_test.o   -L/usr/lib/gcc/x86_64-linux-gnu/4.8 -L/usr/lib/gcc/x86_64-linux-gnu/4.8/../../../x86_64-linux-gnu -L/usr/lib/gcc/x86_64-linux-gnu/4.8/../../../../lib -L/lib/x86_64-linux-gnu -L/lib/../lib -L/usr/lib/x86_64-linux-gnu -L/usr/lib/../lib -L/usr/lib/gcc/x86_64-linux-gnu/4.8/../../.. -lgfortran -lm -lquadmath >&5
configure:6769: $? = 0
configure:6832: result: lower case, underscore, no extra underscore
configure:7977: checking for library containing dgemm
configure:8001: gfortran -o conftest -O3 -g  -x f95-cpp-input  -g -pthread   conftest.f  >&5
/tmp/ccRPYxq2.o: In function `MAIN__':
/home/samio/src/science/espresso-5.3.0-alchemy/conftest.f:2: undefined reference to `dgemm_'
collect2: error: ld returned 1 exit status
configure:8008: $? = 1
configure: failed program was:
|       program main
|       call dgemm
|       end
configure:8001: gfortran -o conftest -O3 -g  -x f95-cpp-input  -g -pthread   conftest.f -lmkl_gf_lp64 -lmkl_sequential -lmkl_core  >&5
/usr/bin/ld: cannot find -lmkl_gf_lp64
/usr/bin/ld: cannot find -lmkl_sequential
/usr/bin/ld: cannot find -lmkl_core
collect2: error: ld returned 1 exit status
configure:8008: $? = 1
configure: failed program was:
|       program main
|       call dgemm
|       end
configure:8039: result: no
configure:7977: checking for library containing dgemm
configure:8001: gfortran -o conftest -O3 -g  -x f95-cpp-input  -g -pthread -L/opt/intel/composer*/mkl/lib/intel64 conftest.f  >&5
/tmp/cc05YCuc.o: In function `MAIN__':
/home/samio/src/science/espresso-5.3.0-alchemy/conftest.f:2: undefined reference to `dgemm_'
collect2: error: ld returned 1 exit status
configure:8008: $? = 1
configure: failed program was:
|       program main
|       call dgemm
|       end
configure:8001: gfortran -o conftest -O3 -g  -x f95-cpp-input  -g -pthread -L/opt/intel/composer*/mkl/lib/intel64 conftest.f -lmkl_gf_lp64 -lmkl_sequential -lmkl_core  >&5
/usr/bin/ld: cannot find -lmkl_gf_lp64
/usr/bin/ld: cannot find -lmkl_sequential
/usr/bin/ld: cannot find -lmkl_core
collect2: error: ld returned 1 exit status
configure:8008: $? = 1
configure: failed program was:
|       program main
|       call dgemm
|       end
configure:8039: result: no
configure:7977: checking for library containing dgemm
configure:8001: gfortran -o conftest -O3 -g  -x f95-cpp-input  -g -pthread -L/opt/intel/Compiler/*/*/mkl/lib/em64t conftest.f  >&5
/tmp/ccieDD8m.o: In function `MAIN__':
/home/samio/src/science/espresso-5.3.0-alchemy/conftest.f:2: undefined reference to `dgemm_'
collect2: error: ld returned 1 exit status
configure:8008: $? = 1
configure: failed program was:
|       program main
|       call dgemm
|       end
configure:8001: gfortran -o conftest -O3 -g  -x f95-cpp-input  -g -pthread -L/opt/intel/Compiler/*/*/mkl/lib/em64t conftest.f -lmkl_gf_lp64 -lmkl_sequential -lmkl_core  >&5
/usr/bin/ld: cannot find -lmkl_gf_lp64
/usr/bin/ld: cannot find -lmkl_sequential
/usr/bin/ld: cannot find -lmkl_core
collect2: error: ld returned 1 exit status
configure:8008: $? = 1
configure: failed program was:
|       program main
|       call dgemm
|       end
configure:8039: result: no
configure:7977: checking for library containing dgemm
configure:8001: gfortran -o conftest -O3 -g  -x f95-cpp-input  -g -pthread -L/opt/intel/mkl/*/lib/em64t conftest.f  >&5
/tmp/ccVG1Koy.o: In function `MAIN__':
/home/samio/src/science/espresso-5.3.0-alchemy/conftest.f:2: undefined reference to `dgemm_'
collect2: error: ld returned 1 exit status
configure:8008: $? = 1
configure: failed program was:
|       program main
|       call dgemm
|       end
configure:8001: gfortran -o conftest -O3 -g  -x f95-cpp-input  -g -pthread -L/opt/intel/mkl/*/lib/em64t conftest.f -lmkl_gf_lp64 -lmkl_sequential -lmkl_core  >&5
/usr/bin/ld: cannot find -lmkl_gf_lp64
/usr/bin/ld: cannot find -lmkl_sequential
/usr/bin/ld: cannot find -lmkl_core
collect2: error: ld returned 1 exit status
configure:8008: $? = 1
configure: failed program was:
|       program main
|       call dgemm
|       end
configure:8039: result: no
configure:7977: checking for library containing dgemm
configure:8001: gfortran -o conftest -O3 -g  -x f95-cpp-input  -g -pthread -L/opt/intel/mkl*/lib/em64t conftest.f  >&5
/tmp/ccrLtX3I.o: In function `MAIN__':
/home/samio/src/science/espresso-5.3.0-alchemy/conftest.f:2: undefined reference to `dgemm_'
collect2: error: ld returned 1 exit status
configure:8008: $? = 1
configure: failed program was:
|       program main
|       call dgemm
|       end
configure:8001: gfortran -o conftest -O3 -g  -x f95-cpp-input  -g -pthread -L/opt/intel/mkl*/lib/em64t conftest.f -lmkl_gf_lp64 -lmkl_sequential -lmkl_core  >&5
/usr/bin/ld: cannot find -lmkl_gf_lp64
/usr/bin/ld: cannot find -lmkl_sequential
/usr/bin/ld: cannot find -lmkl_core
collect2: error: ld returned 1 exit status
configure:8008: $? = 1
configure: failed program was:
|       program main
|       call dgemm
|       end
configure:8039: result: no
configure:7977: checking for library containing dgemm
configure:8001: gfortran -o conftest -O3 -g  -x f95-cpp-input  -g -pthread -L/opt/intel/mkl/lib conftest.f  >&5
/tmp/ccdMImbT.o: In function `MAIN__':
/home/samio/src/science/espresso-5.3.0-alchemy/conftest.f:2: undefined reference to `dgemm_'
collect2: error: ld returned 1 exit status
configure:8008: $? = 1
configure: failed program was:
|       program main
|       call dgemm
|       end
configure:8001: gfortran -o conftest -O3 -g  -x f95-cpp-input  -g -pthread -L/opt/intel/mkl/lib conftest.f -lmkl_gf_lp64 -lmkl_sequential -lmkl_core  >&5
/usr/bin/ld: cannot find -lmkl_gf_lp64
/usr/bin/ld: cannot find -lmkl_sequential
/usr/bin/ld: cannot find -lmkl_core
collect2: error: ld returned 1 exit status
configure:8008: $? = 1
configure: failed program was:
|       program main
|       call dgemm
|       end
configure:8039: result: no
configure:7977: checking for library containing dgemm
configure:8001: gfortran -o conftest -O3 -g  -x f95-cpp-input  -g -pthread -L/opt/AMDAPP/lib/x86_64 conftest.f  >&5
/tmp/ccPdLuJR.o: In function `MAIN__':
/home/samio/src/science/espresso-5.3.0-alchemy/conftest.f:2: undefined reference to `dgemm_'
collect2: error: ld returned 1 exit status
configure:8008: $? = 1
configure: failed program was:
|       program main
|       call dgemm
|       end
configure:8001: gfortran -o conftest -O3 -g  -x f95-cpp-input  -g -pthread -L/opt/AMDAPP/lib/x86_64 conftest.f -lmkl_gf_lp64 -lmkl_sequential -lmkl_core  >&5
/usr/bin/ld: cannot find -lmkl_gf_lp64
/usr/bin/ld: cannot find -lmkl_sequential
/usr/bin/ld: cannot find -lmkl_core
collect2: error: ld returned 1 exit status
configure:8008: $? = 1
configure: failed program was:
|       program main
|       call dgemm
|       end
configure:8039: result: no
configure:7977: checking for library containing dgemm
configure:8001: gfortran -o conftest -O3 -g  -x f95-cpp-input  -g -pthread -L/opt/AMDAPP/lib/x86 conftest.f  >&5
/tmp/ccmgxhs2.o: In function `MAIN__':
/home/samio/src/science/espresso-5.3.0-alchemy/conftest.f:2: undefined reference to `dgemm_'
collect2: error: ld returned 1 exit status
configure:8008: $? = 1
configure: failed program was:
|       program main
|       call dgemm
|       end
configure:8001: gfortran -o conftest -O3 -g  -x f95-cpp-input  -g -pthread -L/opt/AMDAPP/lib/x86 conftest.f -lmkl_gf_lp64 -lmkl_sequential -lmkl_core  >&5
/usr/bin/ld: cannot find -lmkl_gf_lp64
/usr/bin/ld: cannot find -lmkl_sequential
/usr/bin/ld: cannot find -lmkl_core
collect2: error: ld returned 1 exit status
configure:8008: $? = 1
configure: failed program was:
|       program main
|       call dgemm
|       end
configure:8039: result: no
configure:9292: checking for library containing dgemm
configure:9316: gfortran -o conftest -O3 -g  -x f95-cpp-input -g -pthread  conftest.f -latlas >&5
/tmp/ccW3E7eg.o: In function `MAIN__':
/home/samio/src/science/espresso-5.3.0-alchemy/conftest.f:2: undefined reference to `dgemm_'
collect2: error: ld returned 1 exit status
configure:9323: $? = 1
configure: failed program was:
|       program main
|       call dgemm
|       end
configure:9316: gfortran -o conftest -O3 -g  -x f95-cpp-input -g -pthread  conftest.f -lf77blas -lg2c -latlas >&5
/usr/bin/ld: cannot find -lg2c
collect2: error: ld returned 1 exit status
configure:9323: $? = 1
configure: failed program was:
|       program main
|       call dgemm
|       end
configure:9354: result: no
configure:9292: checking for library containing dgemm
configure:9316: gfortran -o conftest -O3 -g  -x f95-cpp-input -g -pthread -L/usr/local/lib conftest.f -latlas >&5
/tmp/ccLbBX8q.o: In function `MAIN__':
/home/samio/src/science/espresso-5.3.0-alchemy/conftest.f:2: undefined reference to `dgemm_'
collect2: error: ld returned 1 exit status
configure:9323: $? = 1
configure: failed program was:
|       program main
|       call dgemm
|       end
configure:9316: gfortran -o conftest -O3 -g  -x f95-cpp-input -g -pthread -L/usr/local/lib conftest.f -lf77blas -lg2c -latlas >&5
/usr/bin/ld: cannot find -lg2c
collect2: error: ld returned 1 exit status
configure:9323: $? = 1
configure: failed program was:
|       program main
|       call dgemm
|       end
configure:9354: result: no
configure:9292: checking for library containing dgemm
configure:9316: gfortran -o conftest -O3 -g  -x f95-cpp-input -g -pthread -L/opt/AMDAPP/lib/x86_64 conftest.f -latlas >&5
/tmp/ccNPP5DB.o: In function `MAIN__':
/home/samio/src/science/espresso-5.3.0-alchemy/conftest.f:2: undefined reference to `dgemm_'
collect2: error: ld returned 1 exit status
configure:9323: $? = 1
configure: failed program was:
|       program main
|       call dgemm
|       end
configure:9316: gfortran -o conftest -O3 -g  -x f95-cpp-input -g -pthread -L/opt/AMDAPP/lib/x86_64 conftest.f -lf77blas -lg2c -latlas >&5
/usr/bin/ld: cannot find -lg2c
collect2: error: ld returned 1 exit status
configure:9323: $? = 1
configure: failed program was:
|       program main
|       call dgemm
|       end
configure:9354: result: no
configure:9292: checking for library containing dgemm
configure:9316: gfortran -o conftest -O3 -g  -x f95-cpp-input -g -pthread -L/opt/AMDAPP/lib/x86 conftest.f -latlas >&5
/tmp/ccOh4eEK.o: In function `MAIN__':
/home/samio/src/science/espresso-5.3.0-alchemy/conftest.f:2: undefined reference to `dgemm_'
collect2: error: ld returned 1 exit status
configure:9323: $? = 1
configure: failed program was:
|       program main
|       call dgemm
|       end
configure:9316: gfortran -o conftest -O3 -g  -x f95-cpp-input -g -pthread -L/opt/AMDAPP/lib/x86 conftest.f -lf77blas -lg2c -latlas >&5
/usr/bin/ld: cannot find -lg2c
collect2: error: ld returned 1 exit status
configure:9323: $? = 1
configure: failed program was:
|       program main
|       call dgemm
|       end
configure:9354: result: no
configure:9389: checking for library containing dgemm
configure:9413: gfortran -o conftest -O3 -g  -x f95-cpp-input -g -pthread  conftest.f  >&5
/tmp/ccECIJTU.o: In function `MAIN__':
/home/samio/src/science/espresso-5.3.0-alchemy/conftest.f:2: undefined reference to `dgemm_'
collect2: error: ld returned 1 exit status
configure:9420: $? = 1
configure: failed program was:
|       program main
|       call dgemm
|       end
configure:9413: gfortran -o conftest -O3 -g  -x f95-cpp-input -g -pthread  conftest.f -lblas-3   >&5
/usr/bin/ld: cannot find -lblas-3
collect2: error: ld returned 1 exit status
configure:9420: $? = 1
configure: failed program was:
|       program main
|       call dgemm
|       end
configure:9413: gfortran -o conftest -O3 -g  -x f95-cpp-input -g -pthread  conftest.f -lopenblas   >&5
/usr/bin/ld: cannot find -lopenblas
collect2: error: ld returned 1 exit status
configure:9420: $? = 1
configure: failed program was:
|       program main
|       call dgemm
|       end
configure:9413: gfortran -o conftest -O3 -g  -x f95-cpp-input -g -pthread  conftest.f -lblas   >&5
configure:9420: $? = 0
configure:9451: result: -lblas
configure:9978: checking for library containing dspev
configure:10002: gfortran -o conftest -O3 -g  -x f95-cpp-input -g -pthread  conftest.f  -lblas  >&5
/tmp/ccWgF3I7.o: In function `MAIN__':
/home/samio/src/science/espresso-5.3.0-alchemy/conftest.f:2: undefined reference to `dspev_'
collect2: error: ld returned 1 exit status
configure:10009: $? = 1
configure: failed program was:
|       program main
|       call dspev
|       end
configure:10002: gfortran -o conftest -O3 -g  -x f95-cpp-input -g -pthread  conftest.f -llapack-3   -lblas  >&5
/usr/bin/ld: cannot find -llapack-3
collect2: error: ld returned 1 exit status
configure:10009: $? = 1
configure: failed program was:
|       program main
|       call dspev
|       end
configure:10002: gfortran -o conftest -O3 -g  -x f95-cpp-input -g -pthread  conftest.f -llapack   -lblas  >&5
configure:10009: $? = 0
configure:10040: result: -llapack
configure:10100: checking FFT
configure:10651: checking for library containing dfftw_execute_dft
configure:10675: gfortran -o conftest -O3 -g  -x f95-cpp-input   conftest.f  >&5
/tmp/cc717yUp.o: In function `MAIN__':
/home/samio/src/science/espresso-5.3.0-alchemy/conftest.f:2: undefined reference to `dfftw_execute_dft_'
collect2: error: ld returned 1 exit status
configure:10682: $? = 1
configure: failed program was:
|       program main
|       call dfftw_execute_dft
|       end
configure:10675: gfortran -o conftest -O3 -g  -x f95-cpp-input   conftest.f -lfftw3 -lm  >&5
configure:10682: $? = 0
configure:10713: result: -lfftw3
configure:10731: result:  -lfftw3 
configure:10759: checking MASS
configure:11077: result: 
configure:11107: checking for library containing mpi_init
configure:11131: mpif90 -o conftest -O3 -g  -x f95-cpp-input -g -pthread conftest.f  >&5
configure:11138: $? = 0
configure:11169: result: none required
configure:11243: checking for library containing pdgemr2d
configure:11267: mpif90 -o conftest -O3 -g  -x f95-cpp-input -g -pthread conftest.f  >&5
/tmp/ccoFLvJL.o: In function `MAIN__':
/home/samio/src/science/espresso-5.3.0-alchemy/conftest.f:2: undefined reference to `pdgemr2d_'
collect2: error: ld returned 1 exit status
configure:11274: $? = 1
configure: failed program was:
|       program main
|       call pdgemr2d
|       end
configure:11267: mpif90 -o conftest -O3 -g  -x f95-cpp-input -g -pthread conftest.f  >&5
/tmp/ccnmiHTU.o: In function `MAIN__':
/home/samio/src/science/espresso-5.3.0-alchemy/conftest.f:2: undefined reference to `pdgemr2d_'
collect2: error: ld returned 1 exit status
configure:11274: $? = 1
configure: failed program was:
|       program main
|       call pdgemr2d
|       end
configure:11305: result: no
configure:11404: checking for library containing pdgemr2d
configure:11428: mpif90 -o conftest -O3 -g  -x f95-cpp-input -g -pthread conftest.f  -lsci >&5
/usr/bin/ld: cannot find -lsci
collect2: error: ld returned 1 exit status
configure:11435: $? = 1
configure: failed program was:
|       program main
|       call pdgemr2d
|       end
configure:11428: mpif90 -o conftest -O3 -g  -x f95-cpp-input -g -pthread conftest.f  -lsci >&5
/usr/bin/ld: cannot find -lsci
collect2: error: ld returned 1 exit status
configure:11435: $? = 1
configure: failed program was:
|       program main
|       call pdgemr2d
|       end
configure:11466: result: no
configure:11481: checking for library containing pdgemr2d
configure:11505: mpif90 -o conftest -O3 -g  -x f95-cpp-input  conftest.f  -lscalapack >&5
/usr/bin/ld: cannot find -lscalapack
collect2: error: ld returned 1 exit status
configure:11512: $? = 1
configure: failed program was:
|       program main
|       call pdgemr2d
|       end
configure:11505: mpif90 -o conftest -O3 -g  -x f95-cpp-input  conftest.f  -lscalapack >&5
/usr/bin/ld: cannot find -lscalapack
collect2: error: ld returned 1 exit status
configure:11512: $? = 1
configure: failed program was:
|       program main
|       call pdgemr2d
|       end
configure:11543: result: no
configure:11559: checking for library containing pdgemr2d
configure:11583: mpif90 -o conftest -O3 -g  -x f95-cpp-input  conftest.f  -lscalapack -lblacs -lblacsF77init -lblacs >&5
/usr/bin/ld: cannot find -lscalapack
/usr/bin/ld: cannot find -lblacs
/usr/bin/ld: cannot find -lblacsF77init
/usr/bin/ld: cannot find -lblacs
collect2: error: ld returned 1 exit status
configure:11590: $? = 1
configure: failed program was:
|       program main
|       call pdgemr2d
|       end
configure:11583: mpif90 -o conftest -O3 -g  -x f95-cpp-input  conftest.f  -lscalapack -lblacs -lblacsF77init -lblacs >&5
/usr/bin/ld: cannot find -lscalapack
/usr/bin/ld: cannot find -lblacs
/usr/bin/ld: cannot find -lblacsF77init
/usr/bin/ld: cannot find -lblacs
collect2: error: ld returned 1 exit status
configure:11590: $? = 1
configure: failed program was:
|       program main
|       call pdgemr2d
|       end
configure:11621: result: no
configure:11639: checking for library containing pdgemr2d
configure:11663: mpif90 -o conftest -O3 -g  -x f95-cpp-input  conftest.f  -L/bgsys/local/scalapack/lib -lscalapack -L/bgsys/local/blacs/lib -lblacs -lblacsF77init -lblacs >&5
/usr/bin/ld: cannot find -lscalapack
/usr/bin/ld: cannot find -lblacs
/usr/bin/ld: cannot find -lblacsF77init
/usr/bin/ld: cannot find -lblacs
collect2: error: ld returned 1 exit status
configure:11670: $? = 1
configure: failed program was:
|       program main
|       call pdgemr2d
|       end
configure:11663: mpif90 -o conftest -O3 -g  -x f95-cpp-input  conftest.f  -L/bgsys/local/scalapack/lib -lscalapack -L/bgsys/local/blacs/lib -lblacs -lblacsF77init -lblacs >&5
/usr/bin/ld: cannot find -lscalapack
/usr/bin/ld: cannot find -lblacs
/usr/bin/ld: cannot find -lblacsF77init
/usr/bin/ld: cannot find -lblacs
collect2: error: ld returned 1 exit status
configure:11670: $? = 1
configure: failed program was:
|       program main
|       call pdgemr2d
|       end
configure:11701: result: no
configure:11734: checking ELPA
configure:11777: result: 
configure:11827: checking for ranlib
configure:11843: found /usr/bin/ranlib
configure:11855: result: ranlib
configure:11881: checking for wget
configure:11897: found /usr/bin/wget
configure:11908: result: wget -O
configure:12092: creating ./config.status

## ---------------------- ##
## Running config.status. ##
## ---------------------- ##

This file was extended by ESPRESSO config.status 5.3.0, which was
generated by GNU Autoconf 2.63.  Invocation command line was

  CONFIG_FILES    = 
  CONFIG_HEADERS  = 
  CONFIG_LINKS    = 
  CONFIG_COMMANDS = 
  $ ./config.status 

on ubuntu1204

config.status:792: creating install/make_blas.inc
config.status:792: creating install/make_lapack.inc
config.status:792: creating include/fft_defs.h
config.status:792: creating make.sys
config.status:792: creating configure.msg
config.status:792: creating install/make_wannier90.sys
config.status:792: creating include/c_defs.h

## ---------------- ##
## Cache variables. ##
## ---------------- ##

ac_cv_build=x86_64-pc-linux-gnu
ac_cv_c_compiler_gnu=yes
ac_cv_env_CC_set=
ac_cv_env_CC_value=
ac_cv_env_CFLAGS_set=
ac_cv_env_CFLAGS_value=
ac_cv_env_CPPFLAGS_set=
ac_cv_env_CPPFLAGS_value=
ac_cv_env_CPP_set=
ac_cv_env_CPP_value=
ac_cv_env_EXTLIB_FLAGS_set=
ac_cv_env_EXTLIB_FLAGS_value=
ac_cv_env_F77_set=
ac_cv_env_F77_value=
ac_cv_env_FCFLAGS_set=
ac_cv_env_FCFLAGS_value=
ac_cv_env_FC_set=
ac_cv_env_FC_value=
ac_cv_env_FFLAGS_set=
ac_cv_env_FFLAGS_value=
ac_cv_env_LDFLAGS_set=
ac_cv_env_LDFLAGS_value=
ac_cv_env_LIBS_set=
ac_cv_env_LIBS_value=
ac_cv_env_build_alias_set=
ac_cv_env_build_alias_value=
ac_cv_env_host_alias_set=
ac_cv_env_host_alias_value=
ac_cv_env_target_alias_set=
ac_cv_env_target_alias_value=
ac_cv_f77_compiler_gnu=yes
ac_cv_f77_dummy_main=none
ac_cv_f77_libs=' -L/usr/lib/gcc/x86_64-linux-gnu/4.8 -L/usr/lib/gcc/x86_64-linux-gnu/4.8/../../../x86_64-linux-gnu -L/usr/lib/gcc/x86_64-linux-gnu/4.8/../../../../lib -L/lib/x86_64-linux-gnu -L/lib/../lib -L/usr/lib/x86_64-linux-gnu -L/usr/lib/../lib -L/usr/lib/gcc/x86_64-linux-gnu/4.8/../../.. -lgfortran -lm -lquadmath'
ac_cv_f77_mangling='lower case, underscore, no extra underscore'
ac_cv_fc_compiler_gnu=yes
ac_cv_fc_srcext_f90=none
ac_cv_fortran_dummy_main=none
ac_cv_header_inttypes_h=yes
ac_cv_header_malloc_h=yes
ac_cv_header_memory_h=yes
ac_cv_header_stdc=yes
ac_cv_header_stdint_h=yes
ac_cv_header_stdlib_h=yes
ac_cv_header_string_h=yes
ac_cv_header_strings_h=yes
ac_cv_header_sys_stat_h=yes
ac_cv_header_sys_types_h=yes
ac_cv_header_unistd_h=yes
ac_cv_member_struct_mallinfo_arena=yes
ac_cv_objext=o
ac_cv_path_EGREP='/bin/grep -E'
ac_cv_path_GREP=/bin/grep
ac_cv_prog_CPP='cc -E'
ac_cv_prog_ac_ct_CC=cc
ac_cv_prog_ac_ct_F77=gfortran
ac_cv_prog_ac_ct_FC=mpif90
ac_cv_prog_cc_c89=
ac_cv_prog_cc_g=yes
ac_cv_prog_f77_g=yes
ac_cv_prog_f77_v=-v
ac_cv_prog_fc_g=yes
ac_cv_prog_make_make_set=yes
ac_cv_prog_ranlib=ranlib
ac_cv_prog_wget='wget -O'
ac_cv_search_dfftw_execute_dft=-lfftw3
ac_cv_search_dgemm=-lblas
ac_cv_search_dspev=-llapack
ac_cv_search_mpi_init='none required'
ac_cv_search_pdgemr2d=no
ac_cv_sizeof_int_p=8

## ----------------- ##
## Output variables. ##
## ----------------- ##

CC='cc'
CFLAGS='-O3'
CPP='cc -E'
CPPFLAGS='-O3'
Configured for compilation of parallel executables.'
DEFS='-DHAVE_CONFIG_H'
ECHO_C=''
ECHO_N='-n'
ECHO_T=''
EGREP='/bin/grep -E'
EXEEXT=''
EXTLIB_FLAGS=''
F77='mpif90'
FC='mpif90'
FCFLAGS='-g -O2'
FCFLAGS_f90=''
FFLAGS='-O3 -g  -x f95-cpp-input'
FLIBS=' -L/usr/lib/gcc/x86_64-linux-gnu/4.8 -L/usr/lib/gcc/x86_64-linux-gnu/4.8/../../../x86_64-linux-gnu -L/usr/lib/gcc/x86_64-linux-gnu/4.8/../../../../lib -L/lib/x86_64-linux-gnu -L/lib/../lib -L/usr/lib/x86_64-linux-gnu -L/usr/lib/../lib -L/usr/lib/gcc/x86_64-linux-gnu/4.8/../../.. -lgfortran -lm -lquadmath'
GREP='/bin/grep'
LDFLAGS=''
LIBOBJS=''
LIBS=' -L/bgsys/local/scalapack/lib -lscalapack -L/bgsys/local/blacs/lib -lblacs -lblacsF77init -lblacs'
LTLIBOBJS=''
OBJEXT='o'
PACKAGE_BUGREPORT=''
PACKAGE_NAME='ESPRESSO'
PACKAGE_STRING='ESPRESSO 5.3.0'
PACKAGE_TARNAME='espresso'
PACKAGE_VERSION='5.3.0'
PATH_SEPARATOR=':'
SET_MAKE=''
SHELL='/bin/bash'
SIZEOF_INT_P='8'
ac_ct_CC='cc'
ac_ct_F77='gfortran'
ac_ct_FC='mpif90'
ar='ar'
arflags='ruv'
bindir='${exec_prefix}/bin'
blas_libs=' -lblas '
blas_libs_switch='external'
blas_line='BLAS_LIBS= -lblas '
build='x86_64-pc-linux-gnu'
build_alias=''
build_cpu='x86_64'
build_os='linux-gnu'
build_vendor='pc'
cc='cc'
cflags='-O3'
cpp='cpp'
cppflags='-P -C -traditional'
datadir='${datarootdir}'
datarootdir='${prefix}/share'
dflags=' -D__GFORTRAN -D__STD_F95 -D__FFTW3 -D__MPI -D__PARA'
docdir='${datarootdir}/doc/${PACKAGE_TARNAME}'
dvidir='${docdir}'
elpa_libs_switch='disabled'
exec_prefix='${prefix}'
extlib_flags='-O2'
f77='gfortran'
f90='gfortran'
f90flags='$(FFLAGS) -x f95-cpp-input'
f90rule='$(MPIF90) $(F90FLAGS) -c $<'
fdflags='$(DFLAGS)'
fflags='-O3 -g'
fflags_nomain=''
fflags_noopt='-O0 -g'
fft_libs=' -lfftw3 '
fft_line='FFT_LIBS= -lfftw3 '
host_alias=''
htmldir='${docdir}'
iflags='-I../include'
imod='-I'
includedir='${prefix}/include'
infodir='${datarootdir}/info'
lapack_libs=' -llapack  -lblas '
lapack_libs_switch='external'
lapack_line='LAPACK_LIBS= -llapack  -lblas '
ld='mpif90'
ld_libs=''
ldflags='-g -pthread'
libdir='${exec_prefix}/lib'
libexecdir='${exec_prefix}/libexec'
localedir='${datarootdir}/locale'
localstatedir='${prefix}/var'
mandir='${datarootdir}/man'
mass_libs=''
mass_line='@delete@'
mpi_libs=''
mpi_line='@delete@'
mpif90='mpif90'
oldincludedir='/usr/include'
parallel_report='Parallel environment detected successfully.\
pdfdir='${docdir}'
pre_fdflags=''
prefix='/usr/local'
program_transform_name='s,x,x,'
psdir='${docdir}'
ranlib='ranlib'
sbindir='${exec_prefix}/sbin'
scalapack_libs=''
scalapack_line='@delete@'
sharedstatedir='${prefix}/com'
sysconfdir='${prefix}/etc'
target_alias=''
topdir='/home/samio/src/science/espresso-5.3.0-alchemy'
wget='wget -O'

## ----------- ##
## confdefs.h. ##
## ----------- ##

#define PACKAGE_NAME "ESPRESSO"
#define PACKAGE_TARNAME "espresso"
#define PACKAGE_VERSION "5.3.0"
#define PACKAGE_STRING "ESPRESSO 5.3.0"
#define PACKAGE_BUGREPORT ""
#define STDC_HEADERS 1
#define HAVE_SYS_TYPES_H 1
#define HAVE_SYS_STAT_H 1
#define HAVE_STDLIB_H 1
#define HAVE_STRING_H 1
#define HAVE_MEMORY_H 1
#define HAVE_STRINGS_H 1
#define HAVE_INTTYPES_H 1
#define HAVE_STDINT_H 1
#define HAVE_UNISTD_H 1
#define SIZEOF_INT_P 8
#define HAVE_MALLINFO 1
#define F77_FUNC(name,NAME) name ## _
#define F77_FUNC_(name,NAME) name ## _

configure: exit 0
